Base path: C:/Program Files/Unity/Editor/Data
<<<<<<< HEAD
Pipe name: \\.\pipe\UnityShaderCompiler-32bit-1-1160
=======
<<<<<<< HEAD
Pipe name: \\.\pipe\UnityShaderCompiler-32bit-1-21968
=======
<<<<<<< HEAD
Pipe name: \\.\pipe\UnityShaderCompiler-32bit-1-17236
=======
<<<<<<< HEAD
Pipe name: \\.\pipe\UnityShaderCompiler-32bit-1-132
=======
Pipe name: \\.\pipe\UnityShaderCompiler-32bit-1-7476
>>>>>>> 7c1e87c382f098faa03c882eac351f3823be1fa0
>>>>>>> 5f29cebe13de95832fd18a75d0c46c936d99224e
>>>>>>> 7ca2d00648a4ca02883b2e996127325672d00392
>>>>>>> 186f997aec37446db741a009f75420d1d09721f1
Cmd: getPlatforms
Unhandled exception: Readfile from pipe failed. GLE=The pipe has been ended.


Quitting shader compiler process
